2002.06.19 02:00 B W:\html\mall\base-stuff\admin\add_item.php --> ftp.cernun.net /home/lawngnome/public_html/kiw-3/admin add_item.php
2002.06.19 02:00 B W:\html\mall\base-stuff\admin\add_type.php --> ftp.cernun.net /home/lawngnome/public_html/kiw-3/admin add_type.php
2002.06.19 02:00 B W:\html\mall\base-stuff\admin\edit_item.php --> ftp.cernun.net /home/lawngnome/public_html/kiw-3/admin edit_item.php
2002.06.19 02:01 B W:\html\mall\base-stuff\admin\edit_type.php --> ftp.cernun.net /home/lawngnome/public_html/kiw-3/admin edit_type.php
2002.06.19 02:01 B W:\html\mall\base-stuff\admin\header.php --> ftp.cernun.net /home/lawngnome/public_html/kiw-3/admin header.php
2002.06.19 02:01 B W:\html\mall\base-stuff\admin\index.php --> ftp.cernun.net /home/lawngnome/public_html/kiw-3/admin index.php
2002.06.19 02:01 B W:\html\mall\base-stuff\admin\style.css --> ftp.cernun.net /home/lawngnome/public_html/kiw-3/admin style.css
2002.06.29 18:19 B W:\html\mall\base-stuff\admin\header.php --> ftp.cernun.net /home/lawngnome/public_html/kiw-3/admin header.php
2002.06.29 19:13 B W:\html\mall\base-stuff\admin\add_item.php --> ftp.cernun.net /home/lawngnome/public_html/jds add_item.php
2002.06.29 19:14 B W:\html\mall\base-stuff\admin\add_item.php --> ftp.cernun.net /home/lawngnome/public_html/jds/admin add_item.php
2002.06.29 19:14 B W:\html\mall\base-stuff\admin\add_type.php --> ftp.cernun.net /home/lawngnome/public_html/jds/admin add_type.php
2002.06.29 19:14 B W:\html\mall\base-stuff\admin\edit_item.php --> ftp.cernun.net /home/lawngnome/public_html/jds/admin edit_item.php
2002.06.29 19:14 B W:\html\mall\base-stuff\admin\edit_type.php --> ftp.cernun.net /home/lawngnome/public_html/jds/admin edit_type.php
2002.06.29 19:14 B W:\html\mall\base-stuff\admin\header.php --> ftp.cernun.net /home/lawngnome/public_html/jds/admin header.php
2002.06.29 19:14 B W:\html\mall\base-stuff\admin\index.php --> ftp.cernun.net /home/lawngnome/public_html/jds/admin index.php
2002.06.29 19:14 B W:\html\mall\base-stuff\admin\style.css --> ftp.cernun.net /home/lawngnome/public_html/jds/admin style.css
2002.08.25 23:19 B e:\mall\store\admin\add_item.php --> cernun.net /home/mall/public_html/kiw/admin add_item.php
2002.08.25 23:20 B e:\mall\store\admin\add_type.php --> cernun.net /home/mall/public_html/kiw/admin add_type.php
2002.08.25 23:20 B e:\mall\store\admin\edit_item.php --> cernun.net /home/mall/public_html/kiw/admin edit_item.php
2002.08.25 23:20 B e:\mall\store\admin\edit_type.php --> cernun.net /home/mall/public_html/kiw/admin edit_type.php
2002.08.25 23:20 B e:\mall\store\admin\header.php --> cernun.net /home/mall/public_html/kiw/admin header.php
2002.08.25 23:20 B e:\mall\store\admin\index.php --> cernun.net /home/mall/public_html/kiw/admin index.php
2002.08.25 23:20 B e:\mall\store\admin\style.css --> cernun.net /home/mall/public_html/kiw/admin style.css
2002.08.25 23:20 B e:\mall\store\admin\ws_ftp.log --> cernun.net /home/mall/public_html/kiw/admin ws_ftp.log
2002.08.25 23:23 B e:\mall\store\admin\add_item.php --> cernun.net /home/mall/public_html/ghs/admin add_item.php
2002.08.25 23:23 B e:\mall\store\admin\add_type.php --> cernun.net /home/mall/public_html/ghs/admin add_type.php
2002.08.25 23:23 B e:\mall\store\admin\edit_item.php --> cernun.net /home/mall/public_html/ghs/admin edit_item.php
2002.08.25 23:23 B e:\mall\store\admin\edit_type.php --> cernun.net /home/mall/public_html/ghs/admin edit_type.php
2002.08.25 23:23 B e:\mall\store\admin\header.php --> cernun.net /home/mall/public_html/ghs/admin header.php
2002.08.25 23:23 B e:\mall\store\admin\index.php --> cernun.net /home/mall/public_html/ghs/admin index.php
2002.08.25 23:23 B e:\mall\store\admin\style.css --> cernun.net /home/mall/public_html/ghs/admin style.css
