2002.06.29 18:27 B W:\html\mall\base-stuff\registries\header.php --> ftp.cernun.net /home/lawngnome/public_html/kiw-3/registries header.php
2002.06.29 18:27 B W:\html\mall\base-stuff\registries\index.php --> ftp.cernun.net /home/lawngnome/public_html/kiw-3/registries index.php
2002.06.29 18:28 B W:\html\mall\base-stuff\registries\style.css --> ftp.cernun.net /home/lawngnome/public_html/kiw-3/registries style.css
2002.06.29 18:31 B W:\html\mall\base-stuff\registries\index.php --> ftp.cernun.net /home/lawngnome/public_html/kiw-3/registries index.php
2002.06.29 18:32 B W:\html\mall\base-stuff\registries\index.php --> ftp.cernun.net /home/lawngnome/public_html/kiw-3/registries index.php
2002.06.29 18:32 B W:\html\mall\base-stuff\registries\header.php --> ftp.cernun.net /home/lawngnome/public_html/kiw-3/registries header.php
2002.06.29 18:32 B W:\html\mall\base-stuff\registries\index.php --> ftp.cernun.net /home/lawngnome/public_html/kiw-3/registries index.php
2002.06.29 18:33 B W:\html\mall\base-stuff\registries\index.php --> ftp.cernun.net /home/lawngnome/public_html/kiw-3/registries index.php
2002.06.29 18:35 B W:\html\mall\base-stuff\registries\index.php --> ftp.cernun.net /home/lawngnome/public_html/kiw-3/registries index.php
2002.06.29 18:35 B W:\html\mall\base-stuff\registries\header.php --> ftp.cernun.net /home/lawngnome/public_html/kiw-3/registries header.php
2002.06.29 18:35 B W:\html\mall\base-stuff\registries\header.php --> ftp.cernun.net /home/lawngnome/public_html/kiw-3/registries header.php
2002.06.29 18:36 B W:\html\mall\base-stuff\registries\header.php --> ftp.cernun.net /home/lawngnome/public_html/kiw-3/registries header.php
2002.06.29 18:36 B W:\html\mall\base-stuff\registries\index.php --> ftp.cernun.net /home/lawngnome/public_html/kiw-3/registries index.php
2002.06.29 18:36 B W:\html\mall\base-stuff\registries\header.php --> ftp.cernun.net /home/lawngnome/public_html/kiw-3/registries header.php
2002.06.29 18:37 B W:\html\mall\base-stuff\registries\header.php --> ftp.cernun.net /home/lawngnome/public_html/kiw-3/registries header.php
2002.06.29 18:37 B W:\html\mall\base-stuff\registries\style.css --> ftp.cernun.net /home/lawngnome/public_html/kiw-3/registries style.css
2002.06.29 18:37 B W:\html\mall\base-stuff\registries\header.php --> ftp.cernun.net /home/lawngnome/public_html/kiw-3/registries header.php
2002.06.29 18:39 B W:\html\mall\base-stuff\registries\header.php --> ftp.cernun.net /home/lawngnome/public_html/kiw-3/registries header.php
2002.06.29 18:39 B W:\html\mall\base-stuff\registries\header.php --> ftp.cernun.net /home/lawngnome/public_html/kiw-3/registries header.php
2002.06.29 18:41 B W:\html\mall\base-stuff\registries\index.php --> ftp.cernun.net /home/lawngnome/public_html/kiw-3/registries index.php
2002.06.29 18:53 B W:\html\mall\base-stuff\registries\index.php --> ftp.cernun.net /home/lawngnome/public_html/kiw-3/registries index.php
2002.06.29 18:53 B W:\html\mall\base-stuff\registries\kabal.php --> ftp.cernun.net /home/lawngnome/public_html/kiw-3/registries kabal.php
2002.06.29 18:54 B W:\html\mall\base-stuff\registries\kabal.php --> ftp.cernun.net /home/lawngnome/public_html/kiw-3/registries kabal.php
2002.06.29 18:54 B W:\html\mall\base-stuff\registries\kabal.php --> ftp.cernun.net /home/lawngnome/public_html/kiw-3/registries kabal.php
2002.06.29 18:55 B W:\html\mall\base-stuff\registries\kabal.php --> ftp.cernun.net /home/lawngnome/public_html/kiw-3/registries kabal.php
2002.06.29 18:56 B W:\html\mall\base-stuff\registries\kabal.php --> ftp.cernun.net /home/lawngnome/public_html/kiw-3/registries kabal.php
2002.06.29 18:57 B W:\html\mall\base-stuff\registries\kabal.php --> ftp.cernun.net /home/lawngnome/public_html/kiw-3/registries kabal.php
2002.06.29 18:59 B W:\html\mall\base-stuff\registries\kabal.php --> ftp.cernun.net /home/lawngnome/public_html/kiw-3/registries kabal.php
2002.06.29 19:00 B W:\html\mall\base-stuff\registries\kabal.php --> ftp.cernun.net /home/lawngnome/public_html/kiw-3/registries kabal.php
2002.06.29 19:00 B W:\html\mall\base-stuff\registries\kabal.php --> ftp.cernun.net /home/lawngnome/public_html/kiw-3/registries kabal.php
2002.06.29 19:01 B W:\html\mall\base-stuff\registries\kabal.php --> ftp.cernun.net /home/lawngnome/public_html/kiw-3/registries kabal.php
2002.06.29 19:02 B W:\html\mall\base-stuff\registries\kabal.php --> ftp.cernun.net /home/lawngnome/public_html/kiw-3/registries kabal.php
2002.06.29 19:03 B W:\html\mall\base-stuff\registries\kabal.php --> ftp.cernun.net /home/lawngnome/public_html/kiw-3/registries kabal.php
2002.06.29 19:03 B W:\html\mall\base-stuff\registries\kabal.php --> ftp.cernun.net /home/lawngnome/public_html/kiw-3/registries kabal.php
2002.06.29 19:05 B W:\html\mall\base-stuff\registries\kabal.php --> ftp.cernun.net /home/lawngnome/public_html/kiw-3/registries kabal.php
2002.06.29 19:05 B W:\html\mall\base-stuff\registries\kabal.php --> ftp.cernun.net /home/lawngnome/public_html/kiw-3/registries kabal.php
2002.06.29 19:07 B W:\html\mall\base-stuff\registries\index.php --> ftp.cernun.net /home/lawngnome/public_html/kiw-3/registries index.php
2002.06.29 19:07 B W:\html\mall\base-stuff\registries\kabal.php --> ftp.cernun.net /home/lawngnome/public_html/kiw-3/registries kabal.php
2002.06.29 19:09 B W:\html\mall\base-stuff\registries\kabal.php --> ftp.cernun.net /home/lawngnome/public_html/kiw-3/registries kabal.php
2002.06.29 19:11 B W:\html\mall\base-stuff\registries\header.php --> ftp.cernun.net /home/lawngnome/public_html/kiw-3/registries header.php
2002.06.29 19:14 B W:\html\mall\base-stuff\registries\header.php --> ftp.cernun.net /home/lawngnome/public_html/jds/registries header.php
2002.06.29 19:14 B W:\html\mall\base-stuff\registries\index.php --> ftp.cernun.net /home/lawngnome/public_html/jds/registries index.php
2002.06.29 19:14 B W:\html\mall\base-stuff\registries\kabal.php --> ftp.cernun.net /home/lawngnome/public_html/jds/registries kabal.php
2002.06.29 19:14 B W:\html\mall\base-stuff\registries\style.css --> ftp.cernun.net /home/lawngnome/public_html/jds/registries style.css
2002.08.03 17:21 B E:\mall\store\registries\header.php --> ftp.cernun.net /home/lawngnome/public_html/jds/registries header.php
2002.08.03 17:22 B E:\mall\store\registries\header.php --> ftp.cernun.net /home/lawngnome/public_html/kiw-3/registries header.php
2002.08.25 23:20 B e:\mall\store\registries\header.php --> cernun.net /home/mall/public_html/kiw/registries header.php
2002.08.25 23:20 B e:\mall\store\registries\index.php --> cernun.net /home/mall/public_html/kiw/registries index.php
2002.08.25 23:20 B e:\mall\store\registries\kabal.php --> cernun.net /home/mall/public_html/kiw/registries kabal.php
2002.08.25 23:20 B e:\mall\store\registries\style.css --> cernun.net /home/mall/public_html/kiw/registries style.css
2002.08.25 23:20 B e:\mall\store\registries\ws_ftp.log --> cernun.net /home/mall/public_html/kiw/registries ws_ftp.log
2002.08.25 23:23 B e:\mall\store\registries\header.php --> cernun.net /home/mall/public_html/ghs/registries header.php
2002.08.25 23:23 B e:\mall\store\registries\index.php --> cernun.net /home/mall/public_html/ghs/registries index.php
2002.08.25 23:23 B e:\mall\store\registries\kabal.php --> cernun.net /home/mall/public_html/ghs/registries kabal.php
2002.08.25 23:23 B e:\mall\store\registries\style.css --> cernun.net /home/mall/public_html/ghs/registries style.css
