2001.10.05 12:47 B F:\bhg\bugs\index.php --> 64.46.99.11 /public_html/bugs index.php
2001.10.05 12:48 B F:\bhg\bugs\index.php --> 64.46.99.11 /public_html/bugs index.php
2001.10.05 12:50 B F:\bhg\bugs\index.php --> 64.46.99.11 /public_html/bugs index.php
2001.10.05 12:52 B F:\bhg\bugs\index.php --> 64.46.99.11 /public_html/bugs index.php
2002.05.01 16:13 B c:\bhg\bugs\index-2.0.php --> ftp.cernun.net /home/bugs/public_html index-2.0.php
2002.05.01 16:14 B c:\bhg\bugs\index-2.0.php --> ftp.cernun.net /home/bugs/public_html index-2.0.php
2002.05.01 16:15 B c:\bhg\bugs\index-2.0.php --> ftp.cernun.net /home/bugs/public_html index-2.0.php
2002.05.01 16:15 B c:\bhg\bugs\index-2.0.php --> ftp.cernun.net /home/bugs/public_html index-2.0.php
2002.05.01 16:16 B c:\bhg\bugs\index-2.0.php --> ftp.cernun.net /home/bugs/public_html index-2.0.php
2002.05.01 16:20 B c:\bhg\bugs\index-2.0.php --> ftp.cernun.net /home/bugs/public_html index-2.0.php
2002.05.01 16:20 B c:\bhg\bugs\index-2.0.php --> ftp.cernun.net /home/bugs/public_html index-2.0.php
2002.05.01 16:21 B c:\bhg\bugs\index-2.0.php --> ftp.cernun.net /home/bugs/public_html index-2.0.php
2002.05.01 16:21 B c:\bhg\bugs\index-2.0.php --> ftp.cernun.net /home/bugs/public_html index-2.0.php
2002.05.01 16:27 B c:\bhg\bugs\index-2.0.php --> ftp.cernun.net /home/bugs/public_html index-2.0.php
2002.05.01 16:29 B c:\bhg\bugs\config.php --> ftp.cernun.net /home/bugs/public_html config.php
2002.05.01 16:31 B c:\bhg\bugs\index-2.0.php --> ftp.cernun.net /home/bugs/public_html index-2.0.php
2002.05.01 16:32 B c:\bhg\bugs\index-2.0.php --> ftp.cernun.net /home/bugs/public_html index-2.0.php
2002.05.01 16:43 B c:\bhg\bugs\index.php --> ftp.cernun.net /home/bugs/public_html index.php
2002.05.22 00:20 B c:\bhg\bugs\index.php --> ftp.cernun.net /home/bugs/public_html index.php
2002.05.22 00:21 B c:\bhg\bugs\config.php --> ftp.cernun.net /home/bugs/public_html config.php
2002.05.30 16:51 B c:\bhg\bugs\index.php --> ftp.cernun.net /home/bugs/public_html index.php
2002.06.13 20:40 B e:\bugs\menu.png --> ftp.cernun.net /home/bugs/public_html menu.png
2002.06.13 20:42 B e:\bugs\menu.png --> ftp.cernun.net /home/bugs/public_html menu.png
2002.07.01 18:46 B e:\bugs\bugs.css --> ftp.cernun.net /home/bugs/public_html bugs.css
2002.07.01 18:47 B e:\bugs\index.php --> ftp.cernun.net /home/bugs/public_html index.php
2002.07.01 18:48 B e:\bugs\bugs.css --> ftp.cernun.net /home/bugs/public_html bugs.css
2002.07.01 18:49 B e:\bugs\bugs.css --> ftp.cernun.net /home/bugs/public_html bugs.css
2002.07.01 18:49 B e:\bugs\bugs.css --> ftp.cernun.net /home/bugs/public_html bugs.css
2002.07.01 18:50 B e:\bugs\bugs.css --> ftp.cernun.net /home/bugs/public_html bugs.css
2002.07.01 18:54 B e:\bugs\bugs.css --> ftp.cernun.net /home/bugs/public_html bugs.css
2002.07.01 18:54 B e:\bugs\index.php --> ftp.cernun.net /home/bugs/public_html index.php
2002.07.01 18:55 B e:\bugs\index.php --> ftp.cernun.net /home/bugs/public_html index.php
2002.07.01 18:56 B e:\bugs\bugs.css --> ftp.cernun.net /home/bugs/public_html bugs.css
2002.07.01 18:57 B e:\bugs\bugs.css --> ftp.cernun.net /home/bugs/public_html bugs.css
2002.07.01 18:58 B e:\bugs\bugs.css --> ftp.cernun.net /home/bugs/public_html bugs.css
2002.07.01 18:59 B e:\bugs\index.php --> ftp.cernun.net /home/bugs/public_html index.php
2002.07.01 19:00 B e:\bugs\bugs.css --> ftp.cernun.net /home/bugs/public_html bugs.css
2002.07.01 19:00 B e:\bugs\index.php --> ftp.cernun.net /home/bugs/public_html index.php
2002.07.01 19:01 B e:\bugs\index.php --> ftp.cernun.net /home/bugs/public_html index.php
2002.07.01 19:01 B e:\bugs\bugs.css --> ftp.cernun.net /home/bugs/public_html bugs.css
2002.07.01 19:02 B e:\bugs\bugs.css --> ftp.cernun.net /home/bugs/public_html bugs.css
2002.07.01 19:02 B e:\bugs\index.php --> ftp.cernun.net /home/bugs/public_html index.php
2002.07.30 19:40 B e:\bugs\devel.php --> ftp.cernun.net /home/bugs/public_html devel.php
2002.07.30 19:40 B e:\bugs\devel.php --> ftp.cernun.net /home/bugs/public_html devel.php
2002.07.30 19:41 B e:\bugs\devel.php --> ftp.cernun.net /home/bugs/public_html devel.php
2002.07.30 19:42 B e:\bugs\devel.php --> ftp.cernun.net /home/bugs/public_html devel.php
2002.07.30 19:43 B e:\bugs\devel.php --> ftp.cernun.net /home/bugs/public_html devel.php
2002.07.30 19:45 B e:\bugs\bugs-devel.css --> ftp.cernun.net /home/bugs/public_html bugs-devel.css
2002.07.30 19:46 B e:\bugs\devel.php --> ftp.cernun.net /home/bugs/public_html devel.php
2002.07.30 19:46 B e:\bugs\devel.php --> ftp.cernun.net /home/bugs/public_html devel.php
2002.07.30 19:46 B e:\bugs\bugs-devel.css --> ftp.cernun.net /home/bugs/public_html bugs-devel.css
2002.07.30 19:47 B e:\bugs\bugs-devel.css --> ftp.cernun.net /home/bugs/public_html bugs-devel.css
2002.07.30 19:49 B e:\bugs\bugs-devel.css --> ftp.cernun.net /home/bugs/public_html bugs-devel.css
2002.07.30 19:49 B e:\bugs\devel.php --> ftp.cernun.net /home/bugs/public_html devel.php
2002.07.30 19:52 B e:\bugs\bugs-devel.css --> ftp.cernun.net /home/bugs/public_html bugs-devel.css
2002.07.30 19:52 B e:\bugs\devel.php --> ftp.cernun.net /home/bugs/public_html devel.php
2002.07.30 19:53 B e:\bugs\bugs-devel.css --> ftp.cernun.net /home/bugs/public_html bugs-devel.css
2002.07.30 19:57 B e:\bugs\devel.php --> ftp.cernun.net /home/bugs/public_html devel.php
2002.07.30 19:58 B e:\bugs\bugs.css <-- Bugs /home/bugs/public_html bugs.css
2002.07.30 19:58 B e:\bugs\devel.php --> ftp.cernun.net /home/bugs/public_html devel.php
2002.07.30 19:59 B e:\bugs\devel.php --> ftp.cernun.net /home/bugs/public_html devel.php
2002.07.30 20:00 B e:\bugs\bugs.css --> ftp.cernun.net /home/bugs/public_html bugs.css
2002.07.30 20:01 B e:\bugs\bugs.css --> ftp.cernun.net /home/bugs/public_html bugs.css
2002.07.30 20:01 B e:\bugs\devel.php --> ftp.cernun.net /home/bugs/public_html devel.php
2002.07.30 20:02 B e:\bugs\bugs.css --> ftp.cernun.net /home/bugs/public_html bugs.css
2002.07.30 20:02 B e:\bugs\devel.php --> ftp.cernun.net /home/bugs/public_html devel.php
2002.07.30 20:06 B e:\bugs\devel.php --> ftp.cernun.net /home/bugs/public_html devel.php
2002.07.30 20:07 B e:\bugs\devel.php --> ftp.cernun.net /home/bugs/public_html devel.php
2002.07.30 20:10 B e:\bugs\devel.php --> ftp.cernun.net /home/bugs/public_html devel.php
2002.07.30 20:10 B e:\bugs\devel.php --> ftp.cernun.net /home/bugs/public_html devel.php
2002.07.30 20:13 B e:\bugs\devel.php --> ftp.cernun.net /home/bugs/public_html devel.php
2002.07.30 20:14 B e:\bugs\devel.php --> ftp.cernun.net /home/bugs/public_html devel.php
2002.07.30 20:23 B e:\bugs\devel.php --> ftp.cernun.net /home/bugs/public_html devel.php
2002.07.30 20:24 B e:\bugs\devel.php --> ftp.cernun.net /home/bugs/public_html devel.php
2002.07.30 20:25 B e:\bugs\devel.php --> ftp.cernun.net /home/bugs/public_html devel.php
2002.07.30 20:26 B e:\bugs\devel.php --> ftp.cernun.net /home/bugs/public_html devel.php
2002.07.30 20:35 B e:\bugs\devel.php --> ftp.cernun.net /home/bugs/public_html devel.php
2002.07.30 20:36 B e:\bugs\devel.php --> ftp.cernun.net /home/bugs/public_html devel.php
2002.07.30 20:37 B e:\bugs\devel.php --> ftp.cernun.net /home/bugs/public_html devel.php
2002.07.30 20:37 B e:\bugs\devel.php --> ftp.cernun.net /home/bugs/public_html devel.php
2002.07.30 20:39 B e:\bugs\devel.php --> ftp.cernun.net /home/bugs/public_html devel.php
2002.07.30 20:40 B e:\bugs\bugs.css --> ftp.cernun.net /home/bugs/public_html bugs.css
2002.07.30 20:40 B e:\bugs\bugs.css --> ftp.cernun.net /home/bugs/public_html bugs.css
2002.07.30 20:42 B e:\bugs\devel.php --> ftp.cernun.net /home/bugs/public_html devel.php
2002.07.30 20:43 B e:\bugs\config.php --> ftp.cernun.net /home/bugs/public_html config.php
2002.07.30 20:45 B e:\bugs\devel.php --> ftp.cernun.net /home/bugs/public_html devel.php
2002.07.30 20:45 B e:\bugs\devel.php --> ftp.cernun.net /home/bugs/public_html devel.php
2002.07.30 20:46 B e:\bugs\devel.php --> ftp.cernun.net /home/bugs/public_html devel.php
2002.07.30 20:46 B e:\bugs\devel.php --> ftp.cernun.net /home/bugs/public_html devel.php
2002.07.30 20:47 B e:\bugs\devel.php --> ftp.cernun.net /home/bugs/public_html devel.php
2002.07.30 20:47 B e:\bugs\devel.php --> ftp.cernun.net /home/bugs/public_html devel.php
2002.07.30 20:48 B e:\bugs\bugs.css --> ftp.cernun.net /home/bugs/public_html bugs.css
2002.07.30 20:48 B e:\bugs\bugs.css --> ftp.cernun.net /home/bugs/public_html bugs.css
2002.07.30 20:49 B e:\bugs\devel.php --> ftp.cernun.net /home/bugs/public_html devel.php
2002.07.30 20:50 B e:\bugs\bugs.css --> ftp.cernun.net /home/bugs/public_html bugs.css
2002.07.30 20:50 B e:\bugs\devel.php --> ftp.cernun.net /home/bugs/public_html devel.php
2002.07.30 20:51 B e:\bugs\devel.php --> ftp.cernun.net /home/bugs/public_html devel.php
2002.07.30 20:51 B e:\bugs\devel.php --> ftp.cernun.net /home/bugs/public_html devel.php
2002.07.30 21:03 B e:\bugs\devel.php --> ftp.cernun.net /home/bugs/public_html devel.php
2002.07.30 21:04 B e:\bugs\devel.php --> ftp.cernun.net /home/bugs/public_html devel.php
2002.07.30 21:06 B e:\bugs\devel.php --> ftp.cernun.net /home/bugs/public_html devel.php
2002.07.30 21:08 B e:\bugs\bugs-devel.css --> ftp.cernun.net /home/bugs/public_html bugs-devel.css
2002.07.30 21:09 B e:\bugs\devel.php --> ftp.cernun.net /home/bugs/public_html devel.php
2002.07.30 21:09 B e:\bugs\bugs-devel.css --> ftp.cernun.net /home/bugs/public_html bugs-devel.css
2002.07.30 21:11 B e:\bugs\bugs-devel.css --> ftp.cernun.net /home/bugs/public_html bugs-devel.css
2002.07.30 21:11 B e:\bugs\devel.php --> ftp.cernun.net /home/bugs/public_html devel.php
2002.07.30 21:13 B e:\bugs\bugs-devel.css --> ftp.cernun.net /home/bugs/public_html bugs-devel.css
2002.07.30 21:14 B e:\bugs\bugs-devel.css --> ftp.cernun.net /home/bugs/public_html bugs-devel.css
2002.07.30 21:15 B e:\bugs\devel.php --> ftp.cernun.net /home/bugs/public_html devel.php
2002.07.30 21:16 B e:\bugs\devel.php --> ftp.cernun.net /home/bugs/public_html devel.php
2002.07.30 21:17 B e:\bugs\devel.php --> ftp.cernun.net /home/bugs/public_html devel.php
2002.07.30 21:21 B e:\bugs\devel.php --> ftp.cernun.net /home/bugs/public_html devel.php
2002.07.30 21:22 B e:\bugs\devel.php --> ftp.cernun.net /home/bugs/public_html devel.php
2002.07.30 21:22 B e:\bugs\devel.php --> ftp.cernun.net /home/bugs/public_html devel.php
2002.07.30 21:24 B e:\bugs\devel.php --> ftp.cernun.net /home/bugs/public_html devel.php
2002.07.30 21:25 B e:\bugs\devel.php --> ftp.cernun.net /home/bugs/public_html devel.php
2002.07.30 21:26 B e:\bugs\devel.php --> ftp.cernun.net /home/bugs/public_html devel.php
2002.07.30 21:37 B e:\bugs\devel.php --> ftp.cernun.net /home/bugs/public_html devel.php
2002.07.30 21:40 B e:\bugs\devel.php --> ftp.cernun.net /home/bugs/public_html devel.php
2002.07.30 21:41 B e:\bugs\devel.php --> ftp.cernun.net /home/bugs/public_html devel.php
2002.07.30 21:44 B e:\bugs\devel.php --> ftp.cernun.net /home/bugs/public_html devel.php
2002.07.30 21:44 B e:\bugs\devel.php --> ftp.cernun.net /home/bugs/public_html devel.php
2002.07.30 21:47 B e:\bugs\devel.php --> ftp.cernun.net /home/bugs/public_html devel.php
2002.07.30 21:51 B e:\bugs\devel.php --> ftp.cernun.net /home/bugs/public_html devel.php
2002.07.30 22:11 B e:\bugs\devel.php --> ftp.cernun.net /home/bugs/public_html devel.php
2002.07.30 22:15 B e:\bugs\devel.php --> ftp.cernun.net /home/bugs/public_html devel.php
2002.07.31 13:31 B e:\bugs\devel.php --> ftp.cernun.net /home/bugs/public_html devel.php
2002.07.31 13:32 B e:\bugs\devel.php --> ftp.cernun.net /home/bugs/public_html devel.php
2002.07.31 13:33 B e:\bugs\devel.php --> ftp.cernun.net /home/bugs/public_html devel.php
2002.07.31 13:34 B e:\bugs\devel.php --> ftp.cernun.net /home/bugs/public_html devel.php
2002.07.31 13:35 B e:\bugs\devel.php --> ftp.cernun.net /home/bugs/public_html devel.php
2002.07.31 13:36 B e:\bugs\devel.php --> ftp.cernun.net /home/bugs/public_html devel.php
2002.07.31 13:36 B e:\bugs\devel.php --> ftp.cernun.net /home/bugs/public_html devel.php
2002.07.31 13:39 B e:\bugs\devel.php --> ftp.cernun.net /home/bugs/public_html devel.php
2002.07.31 13:40 B e:\bugs\devel.php --> ftp.cernun.net /home/bugs/public_html devel.php
2002.08.09 13:49 B e:\bugs\devel.php --> ftp.cernun.net /home/bugs/public_html devel.php
2002.08.09 13:50 B e:\bugs\index-3.php --> ftp.cernun.net /home/bugs/public_html index-3.php
2002.08.15 17:51 B e:\bugs\devel.php --> ftp.cernun.net /home/bugs/public_html devel.php
2002.08.15 17:58 B e:\bugs\index-3.php --> ftp.cernun.net /home/bugs/public_html index-3.php
2002.09.03 17:11 B e:\bugs\favicon.ico --> ftp.cernun.net /home/bugs/public_html favicon.ico
2002.12.11 14:48 B e:\bugs\devel.php --> ftp.cernun.net /home/bugs/public_html devel.php
2002.12.11 14:50 B e:\bugs\devel.php --> ftp.cernun.net /home/bugs/public_html devel.php
2002.12.11 14:50 B e:\bugs\devel.php --> ftp.cernun.net /home/bugs/public_html devel.php
2002.12.11 14:57 B e:\bugs\devel.php --> ftp.cernun.net /home/bugs/public_html devel.php
2002.12.11 14:58 B e:\bugs\devel.php --> ftp.cernun.net /home/bugs/public_html devel.php
2002.12.11 15:00 B e:\bugs\devel.php --> ftp.cernun.net /home/bugs/public_html devel.php
2002.12.11 15:02 B e:\bugs\devel.php --> ftp.cernun.net /home/bugs/public_html devel.php
2002.12.11 15:11 B e:\bugs\devel.php --> ftp.cernun.net /home/bugs/public_html devel.php
2002.12.11 15:12 B e:\bugs\devel.php --> ftp.cernun.net /home/bugs/public_html devel.php
2002.12.11 15:14 B e:\bugs\devel.php --> ftp.cernun.net /home/bugs/public_html devel.php
2002.12.11 15:20 B e:\bugs\devel.php --> ftp.cernun.net /home/bugs/public_html devel.php
2002.12.11 15:20 B e:\bugs\devel.php --> ftp.cernun.net /home/bugs/public_html devel.php
2002.12.11 15:22 B e:\bugs\changelog.txt.bak --> ftp.cernun.net /home/bugs/public_html changelog.txt.bak
2002.12.11 15:22 B e:\bugs\changelog.txt --> ftp.cernun.net /home/bugs/public_html changelog.txt
